<?xml version="1.0" encoding="UTF-8"?>
<!-- Generated by org.testng.reporters.JUnitReportReporter -->
<testsuite hostname="HP" failures="0" tests="1" name="ABCAcademy.Tests.N3_ErrorValidations" time="6.050" errors="0" timestamp="2024-08-20T20:59:13 PKT" skipped="0">
  <testcase classname="ABCAcademy.Tests.N3_ErrorValidations" name="submitOrder" time="6.050"/>
</testsuite> <!-- ABCAcademy.Tests.N3_ErrorValidations -->
