<?xml version="1.0" encoding="UTF-8"?>
<!-- Generated by org.testng.reporters.JUnitReportReporter -->
<testsuite hostname="HP" failures="0" tests="1" name="ABCAcademy.Tests.N3_ErrorValidationsTest" time="12.058" errors="0" timestamp="2024-08-22T10:53:05 PKT" skipped="0">
  <testcase classname="ABCAcademy.Tests.N3_ErrorValidationsTest" name="loginErrorValidation" time="12.058"/>
</testsuite> <!-- ABCAcademy.Tests.N3_ErrorValidationsTest -->
