<?xml version="1.0" encoding="UTF-8"?>
<!-- Generated by org.testng.reporters.JUnitReportReporter -->
<testsuite hostname="HP" failures="0" tests="1" name="ABCAcademy.Tests.N2_SubmitCart" time="13.435" errors="0" timestamp="2024-08-20T20:34:08 PKT" skipped="0">
  <testcase classname="ABCAcademy.Tests.N2_SubmitCart" name="submitOrder" time="13.435"/>
</testsuite> <!-- ABCAcademy.Tests.N2_SubmitCart -->
