<?xml version="1.0" encoding="UTF-8"?>
<!-- Generated by org.testng.reporters.JUnitReportReporter -->
<testsuite hostname="HP" failures="0" tests="2" name="ABCAcademy.Tests.N2_SubmitCartTest" time="19.838" errors="0" timestamp="2024-08-21T12:19:11 PKT" skipped="0">
  <testcase classname="ABCAcademy.Tests.N2_SubmitCartTest" name="submitOrder" time="8.671"/>
  <testcase classname="ABCAcademy.Tests.N2_SubmitCartTest" name="submitOrder" time="11.167"/>
</testsuite> <!-- ABCAcademy.Tests.N2_SubmitCartTest -->
