<?xml version="1.0" encoding="UTF-8"?>
<!-- Generated by org.testng.reporters.JUnitReportReporter -->
<testsuite hostname="HP" failures="0" tests="4" name="ABCAcademy.Tests.N2_SubmitOrderTest" time="52.116" errors="0" timestamp="2024-08-22T16:13:04 PKT" skipped="0">
  <testcase classname="ABCAcademy.Tests.N2_SubmitOrderTest" name="submitOrder" time="14.277"/>
  <testcase classname="ABCAcademy.Tests.N2_SubmitOrderTest" name="submitOrder" time="14.010"/>
  <testcase classname="ABCAcademy.Tests.N2_SubmitOrderTest" name="OrderHistoryTest" time="8.654"/>
  <testcase classname="ABCAcademy.Tests.N2_SubmitOrderTest" name="OrderHistoryTest" time="15.175"/>
</testsuite> <!-- ABCAcademy.Tests.N2_SubmitOrderTest -->
