<?xml version="1.0" encoding="UTF-8"?>
<!-- Generated by org.testng.reporters.JUnitReportReporter -->
<testsuite hostname="HP" failures="0" tests="4" name="ABCAcademy.Tests.N2_SubmitOrderTest" time="41.049" errors="0" timestamp="2024-08-22T20:20:28 PKT" skipped="0">
  <testcase classname="ABCAcademy.Tests.N2_SubmitOrderTest" name="submitOrder" time="9.570"/>
  <testcase classname="ABCAcademy.Tests.N2_SubmitOrderTest" name="submitOrder" time="11.003"/>
  <testcase classname="ABCAcademy.Tests.N2_SubmitOrderTest" name="OrderHistoryTest" time="13.055"/>
  <testcase classname="ABCAcademy.Tests.N2_SubmitOrderTest" name="OrderHistoryTest" time="7.421"/>
</testsuite> <!-- ABCAcademy.Tests.N2_SubmitOrderTest -->
