<?xml version="1.0" encoding="UTF-8"?>
<!-- Generated by org.testng.reporters.JUnitReportReporter -->
<testsuite hostname="HP" failures="0" tests="1" name="cucumber.TestNGTestRunner" time="17.773" errors="0" timestamp="2024-08-24T13:33:21 PKT" skipped="0">
  <testcase classname="cucumber.TestNGTestRunner" name="runScenario" time="17.773"/>
</testsuite> <!-- cucumber.TestNGTestRunner -->
