<?xml version="1.0" encoding="UTF-8"?>
<!-- Generated by org.testng.reporters.JUnitReportReporter -->
<testsuite hostname="HP" failures="0" tests="2" name="ABCAcademy.Tests.N3_ErrorValidationsTest" time="94.907" errors="0" timestamp="2024-08-22T20:20:28 PKT" skipped="0">
  <testcase classname="ABCAcademy.Tests.N3_ErrorValidationsTest" name="loginErrorValidation" time="82.010"/>
  <testcase classname="ABCAcademy.Tests.N3_ErrorValidationsTest" name="ProductErrorValidation" time="12.897"/>
</testsuite> <!-- ABCAcademy.Tests.N3_ErrorValidationsTest -->
